Arguments: 
  /home/td/.nvm/versions/node/v15.0.1/bin/node /home/td/.nvm/versions/node/v15.0.1/bin/yarn add express

PATH: 
  /home/td/.cargo/bin:/home/td/.local/bin:/home/td/.nvm/versions/node/v15.0.1/bin:/home/td/.cargo/bin:/home/td/.local/bin:/usr/local/sbin:/usr/local/bin:/usr/sbin:/usr/bin:/sbin:/bin:/usr/games:/usr/local/games:/snap/bin:/home/td/.local/bin:/home/td/.local/bin:/usr/local/go/bin:/home/td/.local/bin

Yarn version: 
  1.22.10

Node version: 
  15.0.1

Platform: 
  linux x64

Trace: 
  SyntaxError: /home/td/code/up-frontend-mvp/package.json: Unexpected end of JSON input
      at JSON.parse (<anonymous>)
      at /home/td/.nvm/versions/node/v15.0.1/lib/node_modules/yarn/lib/cli.js:1625:59
      at Generator.next (<anonymous>)
      at step (/home/td/.nvm/versions/node/v15.0.1/lib/node_modules/yarn/lib/cli.js:310:30)
      at /home/td/.nvm/versions/node/v15.0.1/lib/node_modules/yarn/lib/cli.js:321:13

npm manifest: 
  

yarn manifest: 
  No manifest

Lockfile: 
  No lockfile
